<?xml version="1.0" encoding="UTF-8"?>
<!-- Generated by org.testng.reporters.JUnitXMLReporter -->
<testsuite hostname="LAPTOP-SM2UC3MS" ignored="0" name="Crater Application Testcases" tests="18" failures="0" timestamp="02 Jul 2020 06:10:19 GMT" time="365.893" errors="0">
  <testcase name="creatingnewCustomer" time="9.395" classname="crater.qa.testcases.CutomerTest"/>
  <testcase name="creatingnewCustomer" time="9.146" classname="crater.qa.testcases.CutomerTest"/>
  <testcase name="creatingnewCustomer" time="9.418" classname="crater.qa.testcases.CutomerTest"/>
  <testcase name="newInvoicevalidation" time="9.509" classname="crater.qa.testcases.InvoiceTest"/>
  <testcase name="newInvoicevalidation" time="10.45" classname="crater.qa.testcases.InvoiceTest"/>
  <testcase name="newInvoicevalidation" time="9.067" classname="crater.qa.testcases.InvoiceTest"/>
  <testcase name="newPaymentvalidation" time="9.279" classname="crater.qa.testcases.PaymentTest"/>
  <testcase name="newPaymentvalidation" time="7.687" classname="crater.qa.testcases.PaymentTest"/>
  <testcase name="newPaymentvalidation" time="6.949" classname="crater.qa.testcases.PaymentTest"/>
  <testcase name="newInvoiceSearchvalidation" time="4.852" classname="crater.qa.testcases.InvoiceTest"/>
  <testcase name="newInvoiceSearchvalidation" time="5.495" classname="crater.qa.testcases.InvoiceTest"/>
  <testcase name="newInvoiceSearchvalidation" time="4.7" classname="crater.qa.testcases.InvoiceTest"/>
  <testcase name="searchPaymentvalidation" time="5.812" classname="crater.qa.testcases.PaymentTest"/>
  <testcase name="searchPaymentvalidation" time="5.809" classname="crater.qa.testcases.PaymentTest"/>
  <testcase name="searchPaymentvalidation" time="6.267" classname="crater.qa.testcases.PaymentTest"/>
  <testcase name="customerDueAmountvalidation" time="4.485" classname="crater.qa.testcases.InvoiceTest"/>
  <testcase name="customerDueAmountvalidation" time="7.078" classname="crater.qa.testcases.InvoiceTest"/>
  <testcase name="customerDueAmountvalidation" time="4.881" classname="crater.qa.testcases.InvoiceTest"/>
</testsuite> <!-- Crater Application Testcases -->
